10:41:46 PM: DEBUG [persona.py:44] 
Id persona: 1, Nombre: Juan,
Apellido: Perez, Email: jperez@gmail.com
        
11:59:03 PM: DEBUG [persona.py:44] 
Id persona: 1, Nombre: Juan,
Apellido: Perez, Email: jperez@gmail.com
        
11:59:03 PM: DEBUG [persona.py:46] 
Id persona: None, Nombre: Juan,
Apellido: Perez, Email: jperez@gmail.com
        
12:35:01 PM: DEBUG [persona.py:44] 
Id persona: 1, Nombre: Juan,
Apellido: Perez, Email: jperez@gmail.com
        
12:35:01 PM: DEBUG [persona.py:47] 
Id persona: None, Nombre: Juan,
Apellido: Perez, Email: jperez@gmail.com
        
12:35:01 PM: DEBUG [persona.py:50] 
Id persona: None, Nombre: Juan,
Apellido: Perez, Email: jperez@gmail.com
        
12:35:30 PM: DEBUG [persona.py:44] 
Id persona: 1, Nombre: Juan,
Apellido: Perez, Email: jperez@gmail.com
        
12:35:30 PM: DEBUG [persona.py:47] 
Id persona: None, Nombre: Juan,
Apellido: Perez, Email: jperez@gmail.com
        
12:35:30 PM: DEBUG [persona.py:50] 
Id persona: 1, Nombre: None,
Apellido: None, Email: None
        
10:33:03 PM: ERROR [conexion.py:26] Ocurrio una excepcion al obtener la conexion invalid dsn: invalid connection option "username"

10:34:42 PM: ERROR [conexion.py:26] Ocurrio una excepcion al obtener la conexion invalid dsn: invalid connection option "username"

10:35:15 PM: DEBUG [conexion.py:23] Conexion exitosa: <connection object at 0x000002DD645FE8A0; dsn: 'user=postgres password=xxx dbname=test_db host=127.0.0.1 port=5432', closed: 0>
10:56:00 PM: ERROR [conexion.py:26] Ocurrio una excepcion al obtener la conexion 
10:56:41 PM: DEBUG [conexion.py:23] Conexion exitosa: <connection object at 0x0000021513B628A0; dsn: 'user=postgres password=xxx dbname=test_db host=127.0.0.1 port=5432', closed: 0>
10:56:41 PM: DEBUG [conexion.py:36] Se abrio correctamente el cursor: <cursor object at 0x0000021513B7B220; closed: 0>
12:03:49 AM: DEBUG [conexion.py:23] Conexion exitosa: <connection object at 0x0000025DD8955E00; dsn: 'user=postgres password=xxx dbname=test_db host=127.0.0.1 port=5432', closed: 0>
12:03:49 AM: DEBUG [conexion.py:36] Se abrio correctamente el cursor: <cursor object at 0x0000025DD8F1F300; closed: 0>
12:03:50 AM: DEBUG [persona_dao.py:24] 
Id persona: 1, Nombre: Juan Carlos,
Apellido: Juarez, Email: jcjuarez@mail.com
        
12:03:50 AM: DEBUG [persona_dao.py:24] 
Id persona: 2, Nombre: Isabela,
Apellido: Grisales, Email: isabelam@gmail.com
        
12:03:50 AM: DEBUG [persona_dao.py:24] 
Id persona: 3, Nombre: Manuela,
Apellido: Valencia
, Email: valenciatoro@gmail.com

        
12:03:50 AM: DEBUG [persona_dao.py:24] 
Id persona: 4, Nombre: Juan,
Apellido: Martinez
, Email: josemargri3@gmail.com

        
12:03:50 AM: DEBUG [persona_dao.py:24] 
Id persona: 8, Nombre: Juan Carlos,
Apellido: Juarez, Email: clara@gmail.com
        
12:03:50 AM: DEBUG [persona_dao.py:24] 
Id persona: 9, Nombre: Marcos,
Apellido: Cantu, Email: mcantu@gmail.com
        
12:03:50 AM: DEBUG [persona_dao.py:24] 
Id persona: 10, Nombre: Angel,
Apellido: Quintana, Email: aquintana@gmail.com
        
12:03:50 AM: DEBUG [persona_dao.py:24] 
Id persona: 13, Nombre: Maria,
Apellido: Esparza, Email: mesparza@gmail.com
        
12:03:50 AM: DEBUG [persona_dao.py:24] 
Id persona: 14, Nombre: Katerine,
Apellido: Martinez, Email: ktmartinez@gmail.com
        
12:03:50 AM: DEBUG [persona_dao.py:24] 
Id persona: 16, Nombre: Adriana,
Apellido: Grisales, Email: luzadri0512@gmail.com
        
12:03:50 AM: DEBUG [persona_dao.py:24] 
Id persona: 17, Nombre: Adriana,
Apellido: Grisales, Email: luzadri0512@gmail.com
        
10:04:41 AM: DEBUG [conexion.py:23] Conexion exitosa: <connection object at 0x000001E7572269B0; dsn: 'user=postgres password=xxx dbname=test_db host=127.0.0.1 port=5432', closed: 0>
10:04:57 AM: DEBUG [conexion.py:23] Conexion exitosa: <connection object at 0x000002153DB069B0; dsn: 'user=postgres password=xxx dbname=test_db host=127.0.0.1 port=5432', closed: 0>
10:04:57 AM: INFO [persona_dao.py:27] Persona a insertada: 
Id persona: None, Nombre: Pedro,
Apellido: Najeda, Email: pnajera@gmail.com
        
10:04:57 AM: INFO [persona_dao.py:35] Personas insertadas: 1
10:04:57 AM: DEBUG [conexion.py:36] Se abrio correctamente el cursor: <cursor object at 0x000002153DB1F220; closed: 0>
10:04:58 AM: DEBUG [persona_dao.py:41] 
Id persona: 1, Nombre: Juan Carlos,
Apellido: Juarez, Email: jcjuarez@mail.com
        
10:04:58 AM: DEBUG [persona_dao.py:41] 
Id persona: 2, Nombre: Isabela,
Apellido: Grisales, Email: isabelam@gmail.com
        
10:04:58 AM: DEBUG [persona_dao.py:41] 
Id persona: 3, Nombre: Manuela,
Apellido: Valencia
, Email: valenciatoro@gmail.com

        
10:04:58 AM: DEBUG [persona_dao.py:41] 
Id persona: 4, Nombre: Juan,
Apellido: Martinez
, Email: josemargri3@gmail.com

        
10:04:58 AM: DEBUG [persona_dao.py:41] 
Id persona: 8, Nombre: Juan Carlos,
Apellido: Juarez, Email: clara@gmail.com
        
10:04:58 AM: DEBUG [persona_dao.py:41] 
Id persona: 9, Nombre: Marcos,
Apellido: Cantu, Email: mcantu@gmail.com
        
10:04:58 AM: DEBUG [persona_dao.py:41] 
Id persona: 10, Nombre: Angel,
Apellido: Quintana, Email: aquintana@gmail.com
        
10:04:58 AM: DEBUG [persona_dao.py:41] 
Id persona: 13, Nombre: Maria,
Apellido: Esparza, Email: mesparza@gmail.com
        
10:04:58 AM: DEBUG [persona_dao.py:41] 
Id persona: 14, Nombre: Katerine,
Apellido: Martinez, Email: ktmartinez@gmail.com
        
10:04:58 AM: DEBUG [persona_dao.py:41] 
Id persona: 16, Nombre: Adriana,
Apellido: Grisales, Email: luzadri0512@gmail.com
        
10:04:58 AM: DEBUG [persona_dao.py:41] 
Id persona: 17, Nombre: Adriana,
Apellido: Grisales, Email: luzadri0512@gmail.com
        
10:04:58 AM: DEBUG [persona_dao.py:41] 
Id persona: 18, Nombre: Pedro,
Apellido: Najeda, Email: pnajera@gmail.com
        
01:03:07 PM: DEBUG [conexion.py:23] Conexion exitosa: <connection object at 0x000001A10E1A68A0; dsn: 'user=postgres password=xxx dbname=test_db host=127.0.0.1 port=5432', closed: 0>
01:03:07 PM: DEBUG [conexion.py:36] Se abrio correctamente el cursor: <cursor object at 0x000001A10E1BF220; closed: 0>
01:03:07 PM: INFO [persona_dao.py:38] Persona actualizada: 
Id persona: 17, Nombre: Manuela,
Apellido: Rodriguez, Email: mrodriguez@gmail.com
        
01:03:07 PM: INFO [persona_dao.py:54] Personas actualizadas: 1
01:04:02 PM: DEBUG [conexion.py:23] Conexion exitosa: <connection object at 0x00000238C36468A0; dsn: 'user=postgres password=xxx dbname=test_db host=127.0.0.1 port=5432', closed: 0>
01:04:02 PM: DEBUG [conexion.py:36] Se abrio correctamente el cursor: <cursor object at 0x00000238C365F220; closed: 0>
01:04:02 PM: INFO [persona_dao.py:38] Persona actualizada: 
Id persona: 17, Nombre: Manuela,
Apellido: Rodriguez, Email: mrodriguez@gmail.com
        
01:04:02 PM: INFO [persona_dao.py:54] Personas actualizadas: 1
01:04:03 PM: DEBUG [persona_dao.py:60] 
Id persona: 1, Nombre: Juan Carlos,
Apellido: Juarez, Email: jcjuarez@mail.com
        
01:04:03 PM: DEBUG [persona_dao.py:60] 
Id persona: 2, Nombre: Isabela,
Apellido: Grisales, Email: isabelam@gmail.com
        
01:04:03 PM: DEBUG [persona_dao.py:60] 
Id persona: 3, Nombre: Manuela,
Apellido: Valencia
, Email: valenciatoro@gmail.com

        
01:04:03 PM: DEBUG [persona_dao.py:60] 
Id persona: 4, Nombre: Juan,
Apellido: Martinez
, Email: josemargri3@gmail.com

        
01:04:03 PM: DEBUG [persona_dao.py:60] 
Id persona: 8, Nombre: Juan Carlos,
Apellido: Juarez, Email: clara@gmail.com
        
01:04:03 PM: DEBUG [persona_dao.py:60] 
Id persona: 9, Nombre: Marcos,
Apellido: Cantu, Email: mcantu@gmail.com
        
01:04:03 PM: DEBUG [persona_dao.py:60] 
Id persona: 10, Nombre: Angel,
Apellido: Quintana, Email: aquintana@gmail.com
        
01:04:03 PM: DEBUG [persona_dao.py:60] 
Id persona: 13, Nombre: Maria,
Apellido: Esparza, Email: mesparza@gmail.com
        
01:04:03 PM: DEBUG [persona_dao.py:60] 
Id persona: 14, Nombre: Katerine,
Apellido: Martinez, Email: ktmartinez@gmail.com
        
01:04:03 PM: DEBUG [persona_dao.py:60] 
Id persona: 16, Nombre: Adriana,
Apellido: Grisales, Email: luzadri0512@gmail.com
        
01:04:03 PM: DEBUG [persona_dao.py:60] 
Id persona: 17, Nombre: Manuela,
Apellido: Rodriguez, Email: mrodriguez@gmail.com
        
01:04:03 PM: DEBUG [persona_dao.py:60] 
Id persona: 18, Nombre: Pedro,
Apellido: Najeda, Email: pnajera@gmail.com
        
01:10:59 PM: DEBUG [conexion.py:23] Conexion exitosa: <connection object at 0x000001D9AABE68A0; dsn: 'user=postgres password=xxx dbname=test_db host=127.0.0.1 port=5432', closed: 0>
01:10:59 PM: DEBUG [conexion.py:36] Se abrio correctamente el cursor: <cursor object at 0x000001D9AABFF220; closed: 0>
01:10:59 PM: INFO [persona_dao.py:47] Objeto eliminado: 
Id persona: 4, Nombre: None,
Apellido: None, Email: None
        
01:10:59 PM: INFO [persona_dao.py:70] Personas actualizadas: 1
01:10:59 PM: DEBUG [persona_dao.py:76] 
Id persona: 1, Nombre: Juan Carlos,
Apellido: Juarez, Email: jcjuarez@mail.com
        
01:10:59 PM: DEBUG [persona_dao.py:76] 
Id persona: 2, Nombre: Isabela,
Apellido: Grisales, Email: isabelam@gmail.com
        
01:10:59 PM: DEBUG [persona_dao.py:76] 
Id persona: 3, Nombre: Manuela,
Apellido: Valencia
, Email: valenciatoro@gmail.com

        
01:10:59 PM: DEBUG [persona_dao.py:76] 
Id persona: 8, Nombre: Juan Carlos,
Apellido: Juarez, Email: clara@gmail.com
        
01:10:59 PM: DEBUG [persona_dao.py:76] 
Id persona: 9, Nombre: Marcos,
Apellido: Cantu, Email: mcantu@gmail.com
        
01:10:59 PM: DEBUG [persona_dao.py:76] 
Id persona: 10, Nombre: Angel,
Apellido: Quintana, Email: aquintana@gmail.com
        
01:10:59 PM: DEBUG [persona_dao.py:76] 
Id persona: 13, Nombre: Maria,
Apellido: Esparza, Email: mesparza@gmail.com
        
01:10:59 PM: DEBUG [persona_dao.py:76] 
Id persona: 14, Nombre: Katerine,
Apellido: Martinez, Email: ktmartinez@gmail.com
        
01:10:59 PM: DEBUG [persona_dao.py:76] 
Id persona: 16, Nombre: Adriana,
Apellido: Grisales, Email: luzadri0512@gmail.com
        
01:10:59 PM: DEBUG [persona_dao.py:76] 
Id persona: 17, Nombre: Manuela,
Apellido: Rodriguez, Email: mrodriguez@gmail.com
        
01:10:59 PM: DEBUG [persona_dao.py:76] 
Id persona: 18, Nombre: Pedro,
Apellido: Najeda, Email: pnajera@gmail.com
        
03:05:31 PM: DEBUG [conexion2.0.py:25] Conexion de pool exitosa: <psycopg2.pool.SimpleConnectionPool object at 0x0000028EC9C2C3D0>
03:05:31 PM: DEBUG [conexion2.0.py:36] Conexion obtenida del pool: <connection object at 0x0000028ECB6C5470; dsn: 'user=postgres password=xxx dbname=test_db host=127.0.0.1 port=5432', closed: 0>
03:05:31 PM: DEBUG [conexion2.0.py:36] Conexion obtenida del pool: <connection object at 0x0000028ECB6C5580; dsn: 'user=postgres password=xxx dbname=test_db host=127.0.0.1 port=5432', closed: 0>
03:07:50 PM: DEBUG [conexion2.0.py:25] Conexion de pool exitosa: <psycopg2.pool.SimpleConnectionPool object at 0x000001A1B9B6C490>
03:07:50 PM: DEBUG [conexion2.0.py:36] Conexion obtenida del pool: <connection object at 0x000001A1BB60D470; dsn: 'user=postgres password=xxx dbname=test_db host=127.0.0.1 port=5432', closed: 0>
03:07:50 PM: DEBUG [conexion2.0.py:36] Conexion obtenida del pool: <connection object at 0x000001A1BB60D580; dsn: 'user=postgres password=xxx dbname=test_db host=127.0.0.1 port=5432', closed: 0>
03:07:50 PM: DEBUG [conexion2.0.py:36] Conexion obtenida del pool: <connection object at 0x000001A1BB60D690; dsn: 'user=postgres password=xxx dbname=test_db host=127.0.0.1 port=5432', closed: 0>
03:07:51 PM: DEBUG [conexion2.0.py:36] Conexion obtenida del pool: <connection object at 0x000001A1BB60D7A0; dsn: 'user=postgres password=xxx dbname=test_db host=127.0.0.1 port=5432', closed: 0>
03:07:51 PM: DEBUG [conexion2.0.py:36] Conexion obtenida del pool: <connection object at 0x000001A1BB60D8B0; dsn: 'user=postgres password=xxx dbname=test_db host=127.0.0.1 port=5432', closed: 0>
03:08:11 PM: DEBUG [conexion2.0.py:25] Conexion de pool exitosa: <psycopg2.pool.SimpleConnectionPool object at 0x000001C3AD2304D0>
03:08:11 PM: DEBUG [conexion2.0.py:36] Conexion obtenida del pool: <connection object at 0x000001C3AECC9470; dsn: 'user=postgres password=xxx dbname=test_db host=127.0.0.1 port=5432', closed: 0>
03:08:11 PM: DEBUG [conexion2.0.py:36] Conexion obtenida del pool: <connection object at 0x000001C3AECC9580; dsn: 'user=postgres password=xxx dbname=test_db host=127.0.0.1 port=5432', closed: 0>
03:08:11 PM: DEBUG [conexion2.0.py:36] Conexion obtenida del pool: <connection object at 0x000001C3AECC9690; dsn: 'user=postgres password=xxx dbname=test_db host=127.0.0.1 port=5432', closed: 0>
03:08:11 PM: DEBUG [conexion2.0.py:36] Conexion obtenida del pool: <connection object at 0x000001C3AECC97A0; dsn: 'user=postgres password=xxx dbname=test_db host=127.0.0.1 port=5432', closed: 0>
03:08:11 PM: DEBUG [conexion2.0.py:36] Conexion obtenida del pool: <connection object at 0x000001C3AECC98B0; dsn: 'user=postgres password=xxx dbname=test_db host=127.0.0.1 port=5432', closed: 0>
03:08:48 PM: DEBUG [conexion2.0.py:25] Conexion de pool exitosa: <psycopg2.pool.SimpleConnectionPool object at 0x00000273335C04D0>
03:08:48 PM: DEBUG [conexion2.0.py:36] Conexion obtenida del pool: <connection object at 0x00000273350B9470; dsn: 'user=postgres password=xxx dbname=test_db host=127.0.0.1 port=5432', closed: 0>
03:08:48 PM: DEBUG [conexion2.0.py:36] Conexion obtenida del pool: <connection object at 0x00000273350B9580; dsn: 'user=postgres password=xxx dbname=test_db host=127.0.0.1 port=5432', closed: 0>
03:08:48 PM: DEBUG [conexion2.0.py:36] Conexion obtenida del pool: <connection object at 0x00000273350B9690; dsn: 'user=postgres password=xxx dbname=test_db host=127.0.0.1 port=5432', closed: 0>
03:08:48 PM: DEBUG [conexion2.0.py:36] Conexion obtenida del pool: <connection object at 0x00000273350B97A0; dsn: 'user=postgres password=xxx dbname=test_db host=127.0.0.1 port=5432', closed: 0>
03:08:48 PM: DEBUG [conexion2.0.py:36] Conexion obtenida del pool: <connection object at 0x00000273350B98B0; dsn: 'user=postgres password=xxx dbname=test_db host=127.0.0.1 port=5432', closed: 0>
03:08:48 PM: DEBUG [conexion2.0.py:36] Conexion obtenida del pool: <connection object at 0x00000273350B99C0; dsn: 'user=postgres password=xxx dbname=test_db host=127.0.0.1 port=5432', closed: 0>
03:12:26 PM: DEBUG [conexion2.0.py:25] Conexion de pool exitosa: <psycopg2.pool.SimpleConnectionPool object at 0x00000295BD8EF110>
03:12:26 PM: DEBUG [conexion2.0.py:36] Conexion obtenida del pool: <connection object at 0x00000295BD835580; dsn: 'user=postgres password=xxx dbname=test_db host=127.0.0.1 port=5432', closed: 0>
03:12:26 PM: DEBUG [conexion2.0.py:42] Regresamos la conexion al pool: <connection object at 0x00000295BD835580; dsn: 'user=postgres password=xxx dbname=test_db host=127.0.0.1 port=5432', closed: 0>
03:12:26 PM: DEBUG [conexion2.0.py:36] Conexion obtenida del pool: <connection object at 0x00000295BD835580; dsn: 'user=postgres password=xxx dbname=test_db host=127.0.0.1 port=5432', closed: 0>
03:13:34 PM: DEBUG [conexion2.0.py:25] Conexion de pool exitosa: <psycopg2.pool.SimpleConnectionPool object at 0x00000239AD59F350>
03:13:34 PM: DEBUG [conexion2.0.py:36] Conexion obtenida del pool: <connection object at 0x00000239AD4E5580; dsn: 'user=postgres password=xxx dbname=test_db host=127.0.0.1 port=5432', closed: 0>
03:13:34 PM: DEBUG [conexion2.0.py:42] Regresamos la conexion al pool: <connection object at 0x00000239AD4E5580; dsn: 'user=postgres password=xxx dbname=test_db host=127.0.0.1 port=5432', closed: 0>
03:13:34 PM: DEBUG [conexion2.0.py:36] Conexion obtenida del pool: <connection object at 0x00000239AD4E5580; dsn: 'user=postgres password=xxx dbname=test_db host=127.0.0.1 port=5432', closed: 0>
03:13:34 PM: DEBUG [conexion2.0.py:36] Conexion obtenida del pool: <connection object at 0x00000239AD4E5690; dsn: 'user=postgres password=xxx dbname=test_db host=127.0.0.1 port=5432', closed: 0>
03:13:34 PM: DEBUG [conexion2.0.py:42] Regresamos la conexion al pool: <connection object at 0x00000239AD4E5690; dsn: 'user=postgres password=xxx dbname=test_db host=127.0.0.1 port=5432', closed: 0>
03:13:34 PM: DEBUG [conexion2.0.py:36] Conexion obtenida del pool: <connection object at 0x00000239AD4E5690; dsn: 'user=postgres password=xxx dbname=test_db host=127.0.0.1 port=5432', closed: 0>
03:13:34 PM: DEBUG [conexion2.0.py:36] Conexion obtenida del pool: <connection object at 0x00000239AD4E57A0; dsn: 'user=postgres password=xxx dbname=test_db host=127.0.0.1 port=5432', closed: 0>
03:13:34 PM: DEBUG [conexion2.0.py:42] Regresamos la conexion al pool: <connection object at 0x00000239AD4E57A0; dsn: 'user=postgres password=xxx dbname=test_db host=127.0.0.1 port=5432', closed: 0>
03:13:34 PM: DEBUG [conexion2.0.py:36] Conexion obtenida del pool: <connection object at 0x00000239AD4E57A0; dsn: 'user=postgres password=xxx dbname=test_db host=127.0.0.1 port=5432', closed: 0>
11:34:09 PM: DEBUG [conexion2.py:25] Conexion de pool exitosa: <psycopg2.pool.SimpleConnectionPool object at 0x000001BDD7FFF4D0>
11:34:09 PM: DEBUG [conexion2.py:36] Conexion obtenida del pool: <connection object at 0x000001BDD7F45580; dsn: 'user=postgres password=xxx dbname=test_db host=127.0.0.1 port=5432', closed: 0>
11:34:09 PM: DEBUG [conexion2.py:42] Regresamos la conexion al pool: <connection object at 0x000001BDD7F45580; dsn: 'user=postgres password=xxx dbname=test_db host=127.0.0.1 port=5432', closed: 0>
11:34:09 PM: DEBUG [conexion2.py:36] Conexion obtenida del pool: <connection object at 0x000001BDD7F45580; dsn: 'user=postgres password=xxx dbname=test_db host=127.0.0.1 port=5432', closed: 0>
11:34:10 PM: DEBUG [conexion2.py:36] Conexion obtenida del pool: <connection object at 0x000001BDD7F45690; dsn: 'user=postgres password=xxx dbname=test_db host=127.0.0.1 port=5432', closed: 0>
11:34:10 PM: DEBUG [conexion2.py:42] Regresamos la conexion al pool: <connection object at 0x000001BDD7F45690; dsn: 'user=postgres password=xxx dbname=test_db host=127.0.0.1 port=5432', closed: 0>
11:34:10 PM: DEBUG [conexion2.py:36] Conexion obtenida del pool: <connection object at 0x000001BDD7F45690; dsn: 'user=postgres password=xxx dbname=test_db host=127.0.0.1 port=5432', closed: 0>
11:34:10 PM: DEBUG [conexion2.py:36] Conexion obtenida del pool: <connection object at 0x000001BDD7F457A0; dsn: 'user=postgres password=xxx dbname=test_db host=127.0.0.1 port=5432', closed: 0>
11:34:10 PM: DEBUG [conexion2.py:42] Regresamos la conexion al pool: <connection object at 0x000001BDD7F457A0; dsn: 'user=postgres password=xxx dbname=test_db host=127.0.0.1 port=5432', closed: 0>
11:34:10 PM: DEBUG [conexion2.py:36] Conexion obtenida del pool: <connection object at 0x000001BDD7F457A0; dsn: 'user=postgres password=xxx dbname=test_db host=127.0.0.1 port=5432', closed: 0>
11:34:13 PM: DEBUG [cursor_del_pool.py:11] Inicio del metodo with __enter__
11:34:13 PM: DEBUG [conexion2.py:25] Conexion de pool exitosa: <psycopg2.pool.SimpleConnectionPool object at 0x00000232B01B4350>
11:34:13 PM: DEBUG [conexion2.py:36] Conexion obtenida del pool: <connection object at 0x00000232B1FC5360; dsn: 'user=postgres password=xxx dbname=test_db host=127.0.0.1 port=5432', closed: 0>
11:34:13 PM: DEBUG [cursor_del_pool.py:29] Dentro del bloque with
11:34:13 PM: DEBUG [cursor_del_pool.py:31] [(3, 'Manuela', 'Valencia\n', 'valenciatoro@gmail.com\n'), (9, 'Marcos', 'Cantu', 'mcantu@gmail.com'), (10, 'Angel', 'Quintana', 'aquintana@gmail.com'), (2, 'Isabela', 'Grisales', 'isabelam@gmail.com'), (8, 'Juan Carlos', 'Juarez', 'clara@gmail.com'), (13, 'Maria', 'Esparza', 'mesparza@gmail.com'), (1, 'Juan Carlos', 'Juarez', 'jcjuarez@mail.com'), (16, 'Adriana', 'Grisales', 'luzadri0512@gmail.com'), (14, 'Katerine', 'Martinez', 'ktmartinez@gmail.com'), (18, 'Pedro', 'Najeda', 'pnajera@gmail.com'), (17, 'Manuela', 'Rodriguez', 'mrodriguez@gmail.com')]
11:34:13 PM: DEBUG [cursor_del_pool.py:17] Se ejecuta el metodo __exit__
11:34:13 PM: DEBUG [cursor_del_pool.py:23] Commit de la transaccion
11:34:13 PM: DEBUG [conexion2.py:42] Regresamos la conexion al pool: <connection object at 0x00000232B1FC5360; dsn: 'user=postgres password=xxx dbname=test_db host=127.0.0.1 port=5432', closed: 0>
11:42:24 PM: DEBUG [cursor_del_pool.py:11] Inicio del metodo with __enter__
11:42:25 PM: DEBUG [conexion2.py:25] Conexion de pool exitosa: <psycopg2.pool.SimpleConnectionPool object at 0x000001C22244CFD0>
11:42:25 PM: DEBUG [conexion2.py:36] Conexion obtenida del pool: <connection object at 0x000001C2223B9250; dsn: 'user=postgres password=xxx dbname=test_db host=127.0.0.1 port=5432', closed: 0>
11:42:25 PM: DEBUG [cursor_del_pool.py:17] Se ejecuta el metodo __exit__
11:42:25 PM: DEBUG [cursor_del_pool.py:23] Commit de la transaccion
11:42:25 PM: DEBUG [conexion2.py:42] Regresamos la conexion al pool: <connection object at 0x000001C2223B9250; dsn: 'user=postgres password=xxx dbname=test_db host=127.0.0.1 port=5432', closed: 0>
11:42:25 PM: DEBUG [persona_dao_2.py:72] 
Id persona: 1, Nombre: Juan Carlos,
Apellido: Juarez, Email: jcjuarez@mail.com
        
11:42:25 PM: DEBUG [persona_dao_2.py:72] 
Id persona: 2, Nombre: Isabela,
Apellido: Grisales, Email: isabelam@gmail.com
        
11:42:25 PM: DEBUG [persona_dao_2.py:72] 
Id persona: 3, Nombre: Manuela,
Apellido: Valencia
, Email: valenciatoro@gmail.com

        
11:42:25 PM: DEBUG [persona_dao_2.py:72] 
Id persona: 8, Nombre: Juan Carlos,
Apellido: Juarez, Email: clara@gmail.com
        
11:42:25 PM: DEBUG [persona_dao_2.py:72] 
Id persona: 9, Nombre: Marcos,
Apellido: Cantu, Email: mcantu@gmail.com
        
11:42:25 PM: DEBUG [persona_dao_2.py:72] 
Id persona: 10, Nombre: Angel,
Apellido: Quintana, Email: aquintana@gmail.com
        
11:42:25 PM: DEBUG [persona_dao_2.py:72] 
Id persona: 13, Nombre: Maria,
Apellido: Esparza, Email: mesparza@gmail.com
        
11:42:25 PM: DEBUG [persona_dao_2.py:72] 
Id persona: 14, Nombre: Katerine,
Apellido: Martinez, Email: ktmartinez@gmail.com
        
11:42:25 PM: DEBUG [persona_dao_2.py:72] 
Id persona: 16, Nombre: Adriana,
Apellido: Grisales, Email: luzadri0512@gmail.com
        
11:42:25 PM: DEBUG [persona_dao_2.py:72] 
Id persona: 17, Nombre: Manuela,
Apellido: Rodriguez, Email: mrodriguez@gmail.com
        
11:42:25 PM: DEBUG [persona_dao_2.py:72] 
Id persona: 18, Nombre: Pedro,
Apellido: Najeda, Email: pnajera@gmail.com
        
11:52:00 PM: DEBUG [cursor_del_pool.py:11] Inicio del metodo with __enter__
11:52:01 PM: DEBUG [conexion2.py:25] Conexion de pool exitosa: <psycopg2.pool.SimpleConnectionPool object at 0x0000020134202650>
11:52:01 PM: DEBUG [conexion2.py:36] Conexion obtenida del pool: <connection object at 0x0000020134159360; dsn: 'user=postgres password=xxx dbname=test_db host=127.0.0.1 port=5432', closed: 0>
11:52:01 PM: INFO [persona_dao_2.py:27] Persona insertada: 
Id persona: None, Nombre: Alejandra,
Apellido: Tellez, Email: atellez@gmail.com
        
11:52:01 PM: DEBUG [cursor_del_pool.py:17] Se ejecuta el metodo __exit__
11:52:01 PM: DEBUG [cursor_del_pool.py:23] Commit de la transaccion
11:52:01 PM: DEBUG [conexion2.py:42] Regresamos la conexion al pool: <connection object at 0x0000020134159360; dsn: 'user=postgres password=xxx dbname=test_db host=127.0.0.1 port=5432', closed: 0>
11:52:01 PM: INFO [persona_dao_2.py:51] Personas insertadas: 1
11:52:01 PM: DEBUG [cursor_del_pool.py:11] Inicio del metodo with __enter__
11:52:01 PM: DEBUG [conexion2.py:36] Conexion obtenida del pool: <connection object at 0x0000020134159360; dsn: 'user=postgres password=xxx dbname=test_db host=127.0.0.1 port=5432', closed: 0>
11:52:01 PM: DEBUG [cursor_del_pool.py:17] Se ejecuta el metodo __exit__
11:52:01 PM: DEBUG [cursor_del_pool.py:23] Commit de la transaccion
11:52:01 PM: DEBUG [conexion2.py:42] Regresamos la conexion al pool: <connection object at 0x0000020134159360; dsn: 'user=postgres password=xxx dbname=test_db host=127.0.0.1 port=5432', closed: 0>
11:52:01 PM: DEBUG [persona_dao_2.py:72] 
Id persona: 1, Nombre: Juan Carlos,
Apellido: Juarez, Email: jcjuarez@mail.com
        
11:52:01 PM: DEBUG [persona_dao_2.py:72] 
Id persona: 2, Nombre: Isabela,
Apellido: Grisales, Email: isabelam@gmail.com
        
11:52:01 PM: DEBUG [persona_dao_2.py:72] 
Id persona: 3, Nombre: Manuela,
Apellido: Valencia
, Email: valenciatoro@gmail.com

        
11:52:01 PM: DEBUG [persona_dao_2.py:72] 
Id persona: 8, Nombre: Juan Carlos,
Apellido: Juarez, Email: clara@gmail.com
        
11:52:01 PM: DEBUG [persona_dao_2.py:72] 
Id persona: 9, Nombre: Marcos,
Apellido: Cantu, Email: mcantu@gmail.com
        
11:52:01 PM: DEBUG [persona_dao_2.py:72] 
Id persona: 10, Nombre: Angel,
Apellido: Quintana, Email: aquintana@gmail.com
        
11:52:01 PM: DEBUG [persona_dao_2.py:72] 
Id persona: 13, Nombre: Maria,
Apellido: Esparza, Email: mesparza@gmail.com
        
11:52:01 PM: DEBUG [persona_dao_2.py:72] 
Id persona: 14, Nombre: Katerine,
Apellido: Martinez, Email: ktmartinez@gmail.com
        
11:52:01 PM: DEBUG [persona_dao_2.py:72] 
Id persona: 16, Nombre: Adriana,
Apellido: Grisales, Email: luzadri0512@gmail.com
        
11:52:01 PM: DEBUG [persona_dao_2.py:72] 
Id persona: 17, Nombre: Manuela,
Apellido: Rodriguez, Email: mrodriguez@gmail.com
        
11:52:01 PM: DEBUG [persona_dao_2.py:72] 
Id persona: 18, Nombre: Pedro,
Apellido: Najeda, Email: pnajera@gmail.com
        
11:52:01 PM: DEBUG [persona_dao_2.py:72] 
Id persona: 19, Nombre: Alejandra,
Apellido: Tellez, Email: atellez@gmail.com
        
01:44:10 AM: DEBUG [cursor_del_pool.py:11] Inicio del metodo with __enter__
01:44:10 AM: DEBUG [conexion2.py:25] Conexion de pool exitosa: <psycopg2.pool.SimpleConnectionPool object at 0x0000018BAB3C2810>
01:44:10 AM: DEBUG [conexion2.py:36] Conexion obtenida del pool: <connection object at 0x0000018BAB309360; dsn: 'user=postgres password=xxx dbname=test_db host=127.0.0.1 port=5432', closed: 0>
01:44:10 AM: INFO [persona_dao_2.py:35] Persona actualizada: 
Id persona: 13, Nombre: Maria Isabel,
Apellido: Muñoz, Email: mimuñoz@gmail.com
        
01:44:10 AM: DEBUG [cursor_del_pool.py:17] Se ejecuta el metodo __exit__
01:44:10 AM: DEBUG [cursor_del_pool.py:23] Commit de la transaccion
01:44:10 AM: DEBUG [conexion2.py:42] Regresamos la conexion al pool: <connection object at 0x0000018BAB309360; dsn: 'user=postgres password=xxx dbname=test_db host=127.0.0.1 port=5432', closed: 0>
01:44:10 AM: INFO [persona_dao_2.py:59] Personas actualizadas: 1
01:44:10 AM: DEBUG [cursor_del_pool.py:11] Inicio del metodo with __enter__
01:44:10 AM: DEBUG [conexion2.py:36] Conexion obtenida del pool: <connection object at 0x0000018BAB309360; dsn: 'user=postgres password=xxx dbname=test_db host=127.0.0.1 port=5432', closed: 0>
01:44:10 AM: INFO [persona_dao_2.py:43] Objeto eliminado: 
Id persona: 18, Nombre: None,
Apellido: None, Email: None
        
01:44:10 AM: DEBUG [cursor_del_pool.py:17] Se ejecuta el metodo __exit__
01:44:10 AM: DEBUG [cursor_del_pool.py:23] Commit de la transaccion
01:44:10 AM: DEBUG [conexion2.py:42] Regresamos la conexion al pool: <connection object at 0x0000018BAB309360; dsn: 'user=postgres password=xxx dbname=test_db host=127.0.0.1 port=5432', closed: 0>
01:44:10 AM: INFO [persona_dao_2.py:66] Personas actualizadas: 1
01:44:10 AM: DEBUG [cursor_del_pool.py:11] Inicio del metodo with __enter__
01:44:10 AM: DEBUG [conexion2.py:36] Conexion obtenida del pool: <connection object at 0x0000018BAB309360; dsn: 'user=postgres password=xxx dbname=test_db host=127.0.0.1 port=5432', closed: 0>
01:44:10 AM: DEBUG [cursor_del_pool.py:17] Se ejecuta el metodo __exit__
01:44:10 AM: DEBUG [cursor_del_pool.py:23] Commit de la transaccion
01:44:10 AM: DEBUG [conexion2.py:42] Regresamos la conexion al pool: <connection object at 0x0000018BAB309360; dsn: 'user=postgres password=xxx dbname=test_db host=127.0.0.1 port=5432', closed: 0>
01:44:10 AM: DEBUG [persona_dao_2.py:72] 
Id persona: 1, Nombre: Juan Carlos,
Apellido: Juarez, Email: jcjuarez@mail.com
        
01:44:10 AM: DEBUG [persona_dao_2.py:72] 
Id persona: 2, Nombre: Isabela,
Apellido: Grisales, Email: isabelam@gmail.com
        
01:44:10 AM: DEBUG [persona_dao_2.py:72] 
Id persona: 3, Nombre: Manuela,
Apellido: Valencia
, Email: valenciatoro@gmail.com

        
01:44:10 AM: DEBUG [persona_dao_2.py:72] 
Id persona: 8, Nombre: Juan Carlos,
Apellido: Juarez, Email: clara@gmail.com
        
01:44:10 AM: DEBUG [persona_dao_2.py:72] 
Id persona: 9, Nombre: Marcos,
Apellido: Cantu, Email: mcantu@gmail.com
        
01:44:10 AM: DEBUG [persona_dao_2.py:72] 
Id persona: 10, Nombre: Angel,
Apellido: Quintana, Email: aquintana@gmail.com
        
01:44:10 AM: DEBUG [persona_dao_2.py:72] 
Id persona: 13, Nombre: Maria Isabel,
Apellido: Muñoz, Email: mimuñoz@gmail.com
        
01:44:10 AM: DEBUG [persona_dao_2.py:72] 
Id persona: 14, Nombre: Katerine,
Apellido: Martinez, Email: ktmartinez@gmail.com
        
01:44:10 AM: DEBUG [persona_dao_2.py:72] 
Id persona: 16, Nombre: Adriana,
Apellido: Grisales, Email: luzadri0512@gmail.com
        
01:44:10 AM: DEBUG [persona_dao_2.py:72] 
Id persona: 17, Nombre: Manuela,
Apellido: Rodriguez, Email: mrodriguez@gmail.com
        
01:44:10 AM: DEBUG [persona_dao_2.py:72] 
Id persona: 19, Nombre: Alejandra,
Apellido: Tellez, Email: atellez@gmail.com
        
01:44:30 AM: DEBUG [cursor_del_pool.py:11] Inicio del metodo with __enter__
01:44:30 AM: DEBUG [conexion2.py:25] Conexion de pool exitosa: <psycopg2.pool.SimpleConnectionPool object at 0x000001C677E22750>
01:44:30 AM: DEBUG [conexion2.py:36] Conexion obtenida del pool: <connection object at 0x000001C677D69360; dsn: 'user=postgres password=xxx dbname=test_db host=127.0.0.1 port=5432', closed: 0>
01:44:31 AM: INFO [persona_dao_2.py:35] Persona actualizada: 
Id persona: 13, Nombre: Maria Isabel,
Apellido: Muñoz, Email: mimuñoz@gmail.com
        
01:44:31 AM: DEBUG [cursor_del_pool.py:17] Se ejecuta el metodo __exit__
01:44:31 AM: DEBUG [cursor_del_pool.py:23] Commit de la transaccion
01:44:31 AM: DEBUG [conexion2.py:42] Regresamos la conexion al pool: <connection object at 0x000001C677D69360; dsn: 'user=postgres password=xxx dbname=test_db host=127.0.0.1 port=5432', closed: 0>
01:44:31 AM: INFO [persona_dao_2.py:59] Personas actualizadas: 1
01:44:31 AM: DEBUG [cursor_del_pool.py:11] Inicio del metodo with __enter__
01:44:31 AM: DEBUG [conexion2.py:36] Conexion obtenida del pool: <connection object at 0x000001C677D69360; dsn: 'user=postgres password=xxx dbname=test_db host=127.0.0.1 port=5432', closed: 0>
01:44:31 AM: INFO [persona_dao_2.py:43] Objeto eliminado: 
Id persona: 18, Nombre: None,
Apellido: None, Email: None
        
01:44:31 AM: DEBUG [cursor_del_pool.py:17] Se ejecuta el metodo __exit__
01:44:31 AM: DEBUG [cursor_del_pool.py:23] Commit de la transaccion
01:44:31 AM: DEBUG [conexion2.py:42] Regresamos la conexion al pool: <connection object at 0x000001C677D69360; dsn: 'user=postgres password=xxx dbname=test_db host=127.0.0.1 port=5432', closed: 0>
01:44:31 AM: ERROR [persona_dao_2.py:68] Error al actualizar personas
01:44:31 AM: DEBUG [cursor_del_pool.py:11] Inicio del metodo with __enter__
01:44:31 AM: DEBUG [conexion2.py:36] Conexion obtenida del pool: <connection object at 0x000001C677D69360; dsn: 'user=postgres password=xxx dbname=test_db host=127.0.0.1 port=5432', closed: 0>
01:44:31 AM: DEBUG [cursor_del_pool.py:17] Se ejecuta el metodo __exit__
01:44:31 AM: DEBUG [cursor_del_pool.py:23] Commit de la transaccion
01:44:31 AM: DEBUG [conexion2.py:42] Regresamos la conexion al pool: <connection object at 0x000001C677D69360; dsn: 'user=postgres password=xxx dbname=test_db host=127.0.0.1 port=5432', closed: 0>
01:44:31 AM: DEBUG [persona_dao_2.py:72] 
Id persona: 1, Nombre: Juan Carlos,
Apellido: Juarez, Email: jcjuarez@mail.com
        
01:44:31 AM: DEBUG [persona_dao_2.py:72] 
Id persona: 2, Nombre: Isabela,
Apellido: Grisales, Email: isabelam@gmail.com
        
01:44:31 AM: DEBUG [persona_dao_2.py:72] 
Id persona: 3, Nombre: Manuela,
Apellido: Valencia
, Email: valenciatoro@gmail.com

        
01:44:31 AM: DEBUG [persona_dao_2.py:72] 
Id persona: 8, Nombre: Juan Carlos,
Apellido: Juarez, Email: clara@gmail.com
        
01:44:31 AM: DEBUG [persona_dao_2.py:72] 
Id persona: 9, Nombre: Marcos,
Apellido: Cantu, Email: mcantu@gmail.com
        
01:44:31 AM: DEBUG [persona_dao_2.py:72] 
Id persona: 10, Nombre: Angel,
Apellido: Quintana, Email: aquintana@gmail.com
        
01:44:31 AM: DEBUG [persona_dao_2.py:72] 
Id persona: 13, Nombre: Maria Isabel,
Apellido: Muñoz, Email: mimuñoz@gmail.com
        
01:44:31 AM: DEBUG [persona_dao_2.py:72] 
Id persona: 14, Nombre: Katerine,
Apellido: Martinez, Email: ktmartinez@gmail.com
        
01:44:31 AM: DEBUG [persona_dao_2.py:72] 
Id persona: 16, Nombre: Adriana,
Apellido: Grisales, Email: luzadri0512@gmail.com
        
01:44:31 AM: DEBUG [persona_dao_2.py:72] 
Id persona: 17, Nombre: Manuela,
Apellido: Rodriguez, Email: mrodriguez@gmail.com
        
01:44:31 AM: DEBUG [persona_dao_2.py:72] 
Id persona: 19, Nombre: Alejandra,
Apellido: Tellez, Email: atellez@gmail.com
        
